<?xml version="1.0" encoding="UTF-8"?>
<coverage generated="1687424348">
  <project timestamp="1687424348">
    <file name="/home/runner/work/commander/commander/src/Commander/Argv.php">
      <class name="Ruigweb\Commander\Argv" namespace="global">
        <metrics complexity="33" methods="13" coveredmethods="13" conditionals="0" coveredconditionals="0" statements="48" coveredstatements="48" elements="61" coveredelements="61"/>
      </class>
      <line num="16" type="method" name="__construct" visibility="public" complexity="3" crap="3" count="64"/>
      <line num="18" type="stmt" count="64"/>
      <line num="19" type="stmt" count="1"/>
      <line num="22" type="stmt" count="64"/>
      <line num="23" type="stmt" count="32"/>
      <line num="26" type="stmt" count="63"/>
      <line num="29" type="method" name="__clone" visibility="public" complexity="2" crap="2" count="9"/>
      <line num="31" type="stmt" count="9"/>
      <line num="32" type="stmt" count="9"/>
      <line num="33" type="stmt" count="9"/>
      <line num="37" type="method" name="first" visibility="public" complexity="3" crap="3" count="2"/>
      <line num="39" type="stmt" count="2"/>
      <line num="40" type="stmt" count="2"/>
      <line num="41" type="stmt" count="2"/>
      <line num="46" type="method" name="each" visibility="public" complexity="3" crap="3" count="9"/>
      <line num="48" type="stmt" count="9"/>
      <line num="49" type="stmt" count="6"/>
      <line num="50" type="stmt" count="3"/>
      <line num="54" type="stmt" count="9"/>
      <line num="57" type="method" name="filter" visibility="public" complexity="3" crap="3" count="4"/>
      <line num="59" type="stmt" count="4"/>
      <line num="60" type="stmt" count="4"/>
      <line num="61" type="stmt" count="3"/>
      <line num="62" type="stmt" count="3"/>
      <line num="66" type="stmt" count="4"/>
      <line num="69" type="method" name="get" visibility="public" complexity="5" crap="5" count="19"/>
      <line num="71" type="stmt" count="19"/>
      <line num="72" type="stmt" count="19"/>
      <line num="73" type="stmt" count="2"/>
      <line num="74" type="stmt" count="17"/>
      <line num="75" type="stmt" count="16"/>
      <line num="79" type="stmt" count="4"/>
      <line num="82" type="method" name="arguments" visibility="public" complexity="2" crap="2" count="4"/>
      <line num="84" type="stmt" count="4"/>
      <line num="85" type="stmt" count="4"/>
      <line num="86" type="stmt" count="2"/>
      <line num="87" type="stmt" count="2"/>
      <line num="89" type="stmt" count="4"/>
      <line num="91" type="stmt" count="4"/>
      <line num="94" type="method" name="options" visibility="public" complexity="2" crap="2" count="4"/>
      <line num="96" type="stmt" count="4"/>
      <line num="97" type="stmt" count="4"/>
      <line num="98" type="stmt" count="2"/>
      <line num="99" type="stmt" count="2"/>
      <line num="101" type="stmt" count="4"/>
      <line num="103" type="stmt" count="4"/>
      <line num="106" type="method" name="append" visibility="public" complexity="1" crap="1" count="1"/>
      <line num="108" type="stmt" count="1"/>
      <line num="111" type="method" name="offsetSet" visibility="public" complexity="1" crap="1" count="1"/>
      <line num="113" type="stmt" count="1"/>
      <line num="116" type="method" name="offsetUnset" visibility="public" complexity="1" crap="1" count="1"/>
      <line num="118" type="stmt" count="1"/>
      <line num="121" type="method" name="offsetGet" visibility="public" complexity="1" crap="1" count="17"/>
      <line num="123" type="stmt" count="17"/>
      <line num="126" type="method" name="validate" visibility="protected" complexity="6" crap="6" count="32"/>
      <line num="128" type="stmt" count="32"/>
      <line num="129" type="stmt" count="1"/>
      <line num="132" type="stmt" count="31"/>
      <line num="133" type="stmt" count="1"/>
      <line num="134" type="stmt" count="31"/>
      <line num="135" type="stmt" count="1"/>
      <metrics loc="139" ncloc="139" classes="1" methods="13" coveredmethods="13" conditionals="0" coveredconditionals="0" statements="48" coveredstatements="48" elements="61" coveredelements="61"/>
    </file>
    <file name="/home/runner/work/commander/commander/src/Commander/Command.php">
      <class name="Ruigweb\Commander\Command" namespace="global">
        <metrics complexity="30" methods="14" coveredmethods="14" conditionals="0" coveredconditionals="0" statements="67" coveredstatements="67" elements="81" coveredelements="81"/>
      </class>
      <line num="20" type="method" name="__construct" visibility="public" complexity="1" crap="1" count="52"/>
      <line num="22" type="stmt" count="52"/>
      <line num="23" type="stmt" count="52"/>
      <line num="24" type="stmt" count="52"/>
      <line num="25" type="stmt" count="52"/>
      <line num="31" type="method" name="__get" visibility="public" complexity="2" crap="2" count="14"/>
      <line num="33" type="stmt" count="14"/>
      <line num="34" type="stmt" count="14"/>
      <line num="41" type="method" name="__isset" visibility="public" complexity="2" crap="2" count="14"/>
      <line num="43" type="stmt" count="14"/>
      <line num="44" type="stmt" count="14"/>
      <line num="48" type="method" name="name" visibility="public" complexity="1" crap="1" count="22"/>
      <line num="50" type="stmt" count="22"/>
      <line num="53" type="method" name="description" visibility="public" complexity="1" crap="1" count="4"/>
      <line num="55" type="stmt" count="4"/>
      <line num="58" type="method" name="argv" visibility="public" complexity="1" crap="1" count="5"/>
      <line num="60" type="stmt" count="5"/>
      <line num="63" type="method" name="usage" visibility="public" complexity="7" crap="7" count="3"/>
      <line num="71" type="stmt" count="3"/>
      <line num="72" type="stmt" count="3"/>
      <line num="73" type="stmt" count="3"/>
      <line num="74" type="stmt" count="3"/>
      <line num="75" type="stmt" count="3"/>
      <line num="76" type="stmt" count="3"/>
      <line num="77" type="stmt" count="3"/>
      <line num="78" type="stmt" count="3"/>
      <line num="79" type="stmt" count="3"/>
      <line num="80" type="stmt" count="3"/>
      <line num="81" type="stmt" count="3"/>
      <line num="82" type="stmt" count="3"/>
      <line num="84" type="stmt" count="3"/>
      <line num="85" type="stmt" count="3"/>
      <line num="86" type="stmt" count="3"/>
      <line num="87" type="stmt" count="3"/>
      <line num="88" type="stmt" count="1"/>
      <line num="89" type="stmt" count="1"/>
      <line num="90" type="stmt" count="1"/>
      <line num="95" type="stmt" count="3"/>
      <line num="96" type="stmt" count="1"/>
      <line num="97" type="stmt" count="1"/>
      <line num="98" type="stmt" count="1"/>
      <line num="99" type="stmt" count="1"/>
      <line num="100" type="stmt" count="1"/>
      <line num="101" type="stmt" count="1"/>
      <line num="105" type="stmt" count="1"/>
      <line num="106" type="stmt" count="1"/>
      <line num="109" type="stmt" count="3"/>
      <line num="112" type="method" name="getArgumentsUsage" visibility="protected" complexity="2" crap="2" count="3"/>
      <line num="114" type="stmt" count="3"/>
      <line num="115" type="stmt" count="3"/>
      <line num="116" type="stmt" count="1"/>
      <line num="119" type="stmt" count="3"/>
      <line num="122" type="method" name="getOptionsusage" visibility="protected" complexity="2" crap="2" count="3"/>
      <line num="124" type="stmt" count="3"/>
      <line num="125" type="stmt" count="3"/>
      <line num="126" type="stmt" count="1"/>
      <line num="129" type="stmt" count="3"/>
      <line num="132" type="method" name="__invoke" visibility="public" complexity="1" crap="1" count="2"/>
      <line num="134" type="stmt" count="2"/>
      <line num="141" type="method" name="take" visibility="public" complexity="5" crap="5" count="8"/>
      <line num="143" type="stmt" count="8"/>
      <line num="144" type="stmt" count="4"/>
      <line num="145" type="stmt" count="3"/>
      <line num="146" type="stmt" count="4"/>
      <line num="147" type="stmt" count="3"/>
      <line num="148" type="stmt" count="3"/>
      <line num="149" type="stmt" count="2"/>
      <line num="151" type="stmt" count="3"/>
      <line num="153" type="stmt" count="3"/>
      <line num="155" type="stmt" count="4"/>
      <line num="158" type="stmt" count="8"/>
      <line num="161" type="method" name="matches" visibility="public" complexity="1" crap="1" count="2"/>
      <line num="163" type="stmt" count="2"/>
      <line num="166" type="method" name="parsed" visibility="public" complexity="1" crap="1" count="8"/>
      <line num="168" type="stmt" count="8"/>
      <line num="171" type="method" name="run" visibility="public" complexity="3" crap="3" count="3"/>
      <line num="173" type="stmt" count="3"/>
      <line num="174" type="stmt" count="1"/>
      <line num="177" type="stmt" count="2"/>
      <line num="178" type="stmt" count="2"/>
      <line num="180" type="stmt" count="2"/>
      <metrics loc="183" ncloc="168" classes="1" methods="14" coveredmethods="14" conditionals="0" coveredconditionals="0" statements="67" coveredstatements="67" elements="81" coveredelements="81"/>
    </file>
    <file name="/home/runner/work/commander/commander/src/Commander/Command/Argument.php">
      <class name="Ruigweb\Commander\Command\Argument" namespace="global">
        <metrics complexity="17" methods="12" coveredmethods="12" conditionals="0" coveredconditionals="0" statements="27" coveredstatements="27" elements="39" coveredelements="39"/>
      </class>
      <line num="17" type="method" name="__construct" visibility="public" complexity="2" crap="2" count="63"/>
      <line num="19" type="stmt" count="63"/>
      <line num="20" type="stmt" count="62"/>
      <line num="21" type="stmt" count="16"/>
      <line num="24" type="stmt" count="62"/>
      <line num="27" type="method" name="setName" visibility="protected" complexity="2" crap="2" count="63"/>
      <line num="29" type="stmt" count="63"/>
      <line num="30" type="stmt" count="62"/>
      <line num="31" type="stmt" count="62"/>
      <line num="34" type="stmt" count="1"/>
      <line num="37" type="method" name="name" visibility="public" complexity="1" crap="1" count="26"/>
      <line num="39" type="stmt" count="26"/>
      <line num="42" type="method" name="as" visibility="public" complexity="1" crap="1" count="62"/>
      <line num="44" type="stmt" count="62"/>
      <line num="45" type="stmt" count="62"/>
      <line num="47" type="stmt" count="62"/>
      <line num="50" type="method" name="type" visibility="public" complexity="1" crap="1" count="2"/>
      <line num="52" type="stmt" count="2"/>
      <line num="55" type="method" name="help" visibility="public" complexity="1" crap="1" count="4"/>
      <line num="57" type="stmt" count="4"/>
      <line num="58" type="stmt" count="4"/>
      <line num="61" type="method" name="usage" visibility="public" complexity="3" crap="3" count="3"/>
      <line num="63" type="stmt" count="3"/>
      <line num="64" type="stmt" count="3"/>
      <line num="65" type="stmt" count="3"/>
      <line num="66" type="stmt" count="2"/>
      <line num="69" type="stmt" count="3"/>
      <line num="72" type="method" name="parse" visibility="public" complexity="1" crap="1" count="6"/>
      <line num="74" type="stmt" count="6"/>
      <line num="75" type="stmt" count="6"/>
      <line num="83" type="method" name="set" visibility="public" complexity="1" crap="1" count="12"/>
      <line num="85" type="stmt" count="12"/>
      <line num="86" type="stmt" count="12"/>
      <line num="89" type="method" name="matches" visibility="public" complexity="1" crap="1" count="2"/>
      <line num="91" type="stmt" count="2"/>
      <line num="94" type="method" name="value" visibility="public" complexity="2" crap="2" count="25"/>
      <line num="96" type="stmt" count="25"/>
      <line num="99" type="method" name="__toString" visibility="public" complexity="1" crap="1" count="4"/>
      <line num="101" type="stmt" count="4"/>
      <metrics loc="104" ncloc="99" classes="1" methods="12" coveredmethods="12" conditionals="0" coveredconditionals="0" statements="27" coveredstatements="27" elements="39" coveredelements="39"/>
    </file>
    <file name="/home/runner/work/commander/commander/src/Commander/Command/Option.php">
      <class name="Ruigweb\Commander\Command\Option" namespace="global">
        <metrics complexity="22" methods="6" coveredmethods="6" conditionals="0" coveredconditionals="0" statements="31" coveredstatements="31" elements="37" coveredelements="37"/>
      </class>
      <line num="19" type="method" name="__get" visibility="public" complexity="3" crap="3" count="5"/>
      <line num="21" type="stmt" count="5"/>
      <line num="22" type="stmt" count="4"/>
      <line num="25" type="stmt" count="1"/>
      <line num="28" type="method" name="as" visibility="public" complexity="2" crap="2" count="43"/>
      <line num="30" type="stmt" count="43"/>
      <line num="31" type="stmt" count="43"/>
      <line num="32" type="stmt" count="38"/>
      <line num="35" type="stmt" count="43"/>
      <line num="38" type="method" name="usage" visibility="public" complexity="4" crap="4" count="3"/>
      <line num="40" type="stmt" count="3"/>
      <line num="41" type="stmt" count="3"/>
      <line num="42" type="stmt" count="3"/>
      <line num="43" type="stmt" count="2"/>
      <line num="46" type="stmt" count="3"/>
      <line num="49" type="method" name="short" visibility="public" complexity="3" crap="3" count="38"/>
      <line num="51" type="stmt" count="38"/>
      <line num="52" type="stmt" count="1"/>
      <line num="55" type="stmt" count="38"/>
      <line num="56" type="stmt" count="38"/>
      <line num="59" type="method" name="matches" visibility="public" complexity="5" crap="5" count="7"/>
      <line num="61" type="stmt" count="7"/>
      <line num="62" type="stmt" count="6"/>
      <line num="63" type="stmt" count="3"/>
      <line num="66" type="stmt" count="3"/>
      <line num="69" type="stmt" count="1"/>
      <line num="72" type="method" name="parse" visibility="public" complexity="5" crap="5" count="7"/>
      <line num="74" type="stmt" count="7"/>
      <line num="75" type="stmt" count="5"/>
      <line num="76" type="stmt" count="5"/>
      <line num="77" type="stmt" count="5"/>
      <line num="78" type="stmt" count="5"/>
      <line num="81" type="stmt" count="2"/>
      <line num="82" type="stmt" count="1"/>
      <line num="84" type="stmt" count="1"/>
      <line num="87" type="stmt" count="6"/>
      <line num="88" type="stmt" count="5"/>
      <metrics loc="91" ncloc="87" classes="1" methods="6" coveredmethods="6" conditionals="0" coveredconditionals="0" statements="31" coveredstatements="31" elements="37" coveredelements="37"/>
    </file>
    <file name="/home/runner/work/commander/commander/src/Commander/Command/Type.php">
      <class name="Ruigweb\Commander\Command\Type" namespace="global">
        <metrics complexity="24" methods="6" coveredmethods="6" conditionals="0" coveredconditionals="0" statements="38" coveredstatements="38" elements="44" coveredelements="44"/>
      </class>
      <line num="16" type="method" name="format" visibility="public" complexity="1" crap="1" count="20"/>
      <line num="18" type="stmt" count="20"/>
      <line num="19" type="stmt" count="20"/>
      <line num="20" type="stmt" count="20"/>
      <line num="21" type="stmt" count="20"/>
      <line num="22" type="stmt" count="20"/>
      <line num="23" type="stmt" count="20"/>
      <line num="26" type="method" name="formatBoolean" visibility="protected" complexity="8" crap="8" count="7"/>
      <line num="28" type="stmt" count="7"/>
      <line num="29" type="stmt" count="7"/>
      <line num="30" type="stmt" count="6"/>
      <line num="31" type="stmt" count="5"/>
      <line num="32" type="stmt" count="4"/>
      <line num="33" type="stmt" count="3"/>
      <line num="35" type="stmt" count="1"/>
      <line num="39" type="stmt" count="1"/>
      <line num="42" type="method" name="formatInteger" visibility="protected" complexity="5" crap="5" count="6"/>
      <line num="44" type="stmt" count="6"/>
      <line num="45" type="stmt" count="4"/>
      <line num="48" type="stmt" count="3"/>
      <line num="49" type="stmt" count="1"/>
      <line num="52" type="stmt" count="2"/>
      <line num="53" type="stmt" count="1"/>
      <line num="56" type="stmt" count="1"/>
      <line num="59" type="method" name="formatString" visibility="protected" complexity="3" crap="3" count="9"/>
      <line num="61" type="stmt" count="9"/>
      <line num="62" type="stmt" count="6"/>
      <line num="65" type="stmt" count="3"/>
      <line num="66" type="stmt" count="1"/>
      <line num="69" type="stmt" count="2"/>
      <line num="72" type="method" name="toString" visibility="public" complexity="2" crap="2" count="9"/>
      <line num="74" type="stmt" count="9"/>
      <line num="75" type="stmt" count="9"/>
      <line num="76" type="stmt" count="9"/>
      <line num="77" type="stmt" count="9"/>
      <line num="78" type="stmt" count="9"/>
      <line num="79" type="stmt" count="9"/>
      <line num="82" type="method" name="default" visibility="public" complexity="5" crap="5" count="62"/>
      <line num="84" type="stmt" count="62"/>
      <line num="85" type="stmt" count="62"/>
      <line num="86" type="stmt" count="62"/>
      <line num="87" type="stmt" count="62"/>
      <line num="88" type="stmt" count="62"/>
      <line num="89" type="stmt" count="62"/>
      <metrics loc="92" ncloc="89" classes="1" methods="6" coveredmethods="6" conditionals="0" coveredconditionals="0" statements="38" coveredstatements="38" elements="44" coveredelements="44"/>
    </file>
    <file name="/home/runner/work/commander/commander/src/Commander/Commands/Help.php">
      <class name="Ruigweb\Commander\Commands\Help" namespace="global">
        <metrics complexity="6" methods="4" coveredmethods="4" conditionals="0" coveredconditionals="0" statements="11" coveredstatements="11" elements="15" coveredelements="15"/>
      </class>
      <line num="15" type="method" name="__construct" visibility="public" complexity="2" crap="2" count="9"/>
      <line num="17" type="stmt" count="9"/>
      <line num="18" type="stmt" count="9"/>
      <line num="19" type="stmt" count="5"/>
      <line num="23" type="method" name="on" visibility="public" complexity="1" crap="1" count="8"/>
      <line num="25" type="stmt" count="8"/>
      <line num="26" type="stmt" count="8"/>
      <line num="29" type="method" name="origin" visibility="public" complexity="1" crap="1" count="2"/>
      <line num="31" type="stmt" count="2"/>
      <line num="34" type="method" name="run" visibility="public" complexity="2" crap="2" count="2"/>
      <line num="36" type="stmt" count="2"/>
      <line num="37" type="stmt" count="1"/>
      <line num="40" type="stmt" count="1"/>
      <line num="41" type="stmt" count="1"/>
      <line num="42" type="stmt" count="1"/>
      <metrics loc="45" ncloc="45" classes="1" methods="4" coveredmethods="4" conditionals="0" coveredconditionals="0" statements="11" coveredstatements="11" elements="15" coveredelements="15"/>
    </file>
    <file name="/home/runner/work/commander/commander/src/Commander/Commands/Printer.php">
      <class name="Ruigweb\Commander\Commands\Printer" namespace="global">
        <metrics complexity="23" methods="10" coveredmethods="10" conditionals="0" coveredconditionals="0" statements="53" coveredstatements="53" elements="63" coveredelements="63"/>
      </class>
      <line num="28" type="method" name="__construct" visibility="public" complexity="1" crap="1" count="14"/>
      <line num="30" type="stmt" count="14"/>
      <line num="31" type="stmt" count="14"/>
      <line num="32" type="stmt" count="14"/>
      <line num="33" type="stmt" count="14"/>
      <line num="34" type="stmt" count="14"/>
      <line num="37" type="method" name="__invoke" visibility="public" complexity="1" crap="1" count="1"/>
      <line num="39" type="stmt" count="1"/>
      <line num="42" type="method" name="debug" visibility="public" complexity="2" crap="2" count="1"/>
      <line num="44" type="stmt" count="1"/>
      <line num="45" type="stmt" count="1"/>
      <line num="48" type="stmt" count="1"/>
      <line num="50" type="stmt" count="1"/>
      <line num="53" type="method" name="info" visibility="public" complexity="2" crap="2" count="1"/>
      <line num="55" type="stmt" count="1"/>
      <line num="56" type="stmt" count="1"/>
      <line num="59" type="stmt" count="1"/>
      <line num="61" type="stmt" count="1"/>
      <line num="64" type="method" name="done" visibility="public" complexity="2" crap="2" count="1"/>
      <line num="66" type="stmt" count="1"/>
      <line num="67" type="stmt" count="1"/>
      <line num="70" type="stmt" count="1"/>
      <line num="72" type="stmt" count="1"/>
      <line num="75" type="method" name="warning" visibility="public" complexity="1" crap="1" count="1"/>
      <line num="77" type="stmt" count="1"/>
      <line num="80" type="method" name="warn" visibility="public" complexity="2" crap="2" count="1"/>
      <line num="82" type="stmt" count="1"/>
      <line num="83" type="stmt" count="1"/>
      <line num="86" type="stmt" count="1"/>
      <line num="88" type="stmt" count="1"/>
      <line num="91" type="method" name="error" visibility="public" complexity="2" crap="2" count="2"/>
      <line num="93" type="stmt" count="2"/>
      <line num="94" type="stmt" count="2"/>
      <line num="97" type="stmt" count="2"/>
      <line num="99" type="stmt" count="2"/>
      <line num="102" type="method" name="print" visibility="public" complexity="6" crap="6" count="8"/>
      <line num="104" type="stmt" count="8"/>
      <line num="105" type="stmt" count="1"/>
      <line num="106" type="stmt" count="1"/>
      <line num="109" type="stmt" count="8"/>
      <line num="110" type="stmt" count="8"/>
      <line num="111" type="stmt" count="8"/>
      <line num="112" type="stmt" count="1"/>
      <line num="113" type="stmt" count="1"/>
      <line num="115" type="stmt" count="1"/>
      <line num="117" type="stmt" count="7"/>
      <line num="119" type="stmt" count="6"/>
      <line num="123" type="stmt" count="8"/>
      <line num="124" type="stmt" count="8"/>
      <line num="126" type="stmt" count="8"/>
      <line num="129" type="method" name="run" visibility="public" complexity="4" crap="4" count="4"/>
      <line num="131" type="stmt" count="4"/>
      <line num="133" type="stmt" count="4"/>
      <line num="135" type="stmt" count="4"/>
      <line num="136" type="stmt" count="4"/>
      <line num="137" type="stmt" count="3"/>
      <line num="138" type="stmt" count="3"/>
      <line num="141" type="stmt" count="3"/>
      <line num="142" type="stmt" count="3"/>
      <line num="144" type="stmt" count="3"/>
      <line num="145" type="stmt" count="3"/>
      <line num="146" type="stmt" count="3"/>
      <line num="149" type="stmt" count="4"/>
      <metrics loc="152" ncloc="151" classes="1" methods="10" coveredmethods="10" conditionals="0" coveredconditionals="0" statements="53" coveredstatements="53" elements="63" coveredelements="63"/>
    </file>
    <file name="/home/runner/work/commander/commander/src/Commander/Coordinator.php">
      <class name="Ruigweb\Commander\Coordinator" namespace="global">
        <metrics complexity="51" methods="17" coveredmethods="17" conditionals="0" coveredconditionals="0" statements="90" coveredstatements="90" elements="107" coveredelements="107"/>
      </class>
      <line num="22" type="method" name="__construct" visibility="public" complexity="1" crap="1" count="30"/>
      <line num="24" type="stmt" count="30"/>
      <line num="27" type="method" name="name" visibility="public" complexity="1" crap="1" count="3"/>
      <line num="29" type="stmt" count="3"/>
      <line num="32" type="method" name="commanders" visibility="public" complexity="1" crap="1" count="30"/>
      <line num="34" type="stmt" count="30"/>
      <line num="37" type="method" name="resolvers" visibility="public" complexity="1" crap="1" count="4"/>
      <line num="39" type="stmt" count="4"/>
      <line num="42" type="method" name="resolver" visibility="public" complexity="2" crap="2" count="5"/>
      <line num="44" type="stmt" count="5"/>
      <line num="45" type="stmt" count="1"/>
      <line num="48" type="stmt" count="4"/>
      <line num="49" type="stmt" count="4"/>
      <line num="50" type="stmt" count="4"/>
      <line num="51" type="stmt" count="4"/>
      <line num="52" type="stmt" count="4"/>
      <line num="55" type="method" name="register" visibility="public" complexity="8" crap="8" count="18"/>
      <line num="57" type="stmt" count="18"/>
      <line num="58" type="stmt" count="1"/>
      <line num="61" type="stmt" count="17"/>
      <line num="62" type="stmt" count="17"/>
      <line num="63" type="stmt" count="1"/>
      <line num="65" type="stmt" count="16"/>
      <line num="66" type="stmt" count="2"/>
      <line num="68" type="stmt" count="14"/>
      <line num="72" type="stmt" count="17"/>
      <line num="73" type="stmt" count="17"/>
      <line num="74" type="stmt" count="16"/>
      <line num="75" type="stmt" count="16"/>
      <line num="76" type="stmt" count="16"/>
      <line num="80" type="stmt" count="2"/>
      <line num="83" type="stmt" count="16"/>
      <line num="86" type="method" name="on" visibility="public" complexity="2" crap="2" count="30"/>
      <line num="88" type="stmt" count="30"/>
      <line num="89" type="stmt" count="30"/>
      <line num="92" type="stmt" count="30"/>
      <line num="94" type="stmt" count="30"/>
      <line num="97" type="method" name="ingest" visibility="public" complexity="16" crap="16" count="8"/>
      <line num="99" type="stmt" count="8"/>
      <line num="101" type="stmt" count="8"/>
      <line num="102" type="stmt" count="6"/>
      <line num="103" type="stmt" count="2"/>
      <line num="105" type="stmt" count="4"/>
      <line num="106" type="stmt" count="3"/>
      <line num="107" type="stmt" count="1"/>
      <line num="108" type="stmt" count="1"/>
      <line num="110" type="stmt" count="6"/>
      <line num="114" type="stmt" count="2"/>
      <line num="116" type="stmt" count="1"/>
      <line num="119" type="stmt" count="7"/>
      <line num="121" type="stmt" count="6"/>
      <line num="122" type="stmt" count="6"/>
      <line num="124" type="stmt" count="6"/>
      <line num="125" type="stmt" count="1"/>
      <line num="129" type="stmt" count="6"/>
      <line num="131" type="stmt" count="6"/>
      <line num="133" type="stmt" count="6"/>
      <line num="134" type="stmt" count="1"/>
      <line num="135" type="stmt" count="1"/>
      <line num="136" type="stmt" count="1"/>
      <line num="137" type="stmt" count="1"/>
      <line num="141" type="stmt" count="6"/>
      <line num="144" type="stmt" count="6"/>
      <line num="147" type="stmt" count="1"/>
      <line num="150" type="method" name="getCommandFromResolver" visibility="protected" complexity="2" crap="2" count="2"/>
      <line num="152" type="stmt" count="2"/>
      <line num="153" type="stmt" count="1"/>
      <line num="156" type="stmt" count="1"/>
      <line num="159" type="method" name="__get" visibility="public" complexity="1" crap="1" count="3"/>
      <line num="161" type="stmt" count="3"/>
      <line num="164" type="method" name="exists" visibility="public" complexity="1" crap="1" count="11"/>
      <line num="166" type="stmt" count="11"/>
      <line num="169" type="method" name="all" visibility="public" complexity="1" crap="1" count="8"/>
      <line num="171" type="stmt" count="8"/>
      <line num="174" type="method" name="list" visibility="public" complexity="1" crap="1" count="18"/>
      <line num="176" type="stmt" count="18"/>
      <line num="179" type="method" name="help" visibility="public" complexity="5" crap="5" count="5"/>
      <line num="181" type="stmt" count="5"/>
      <line num="182" type="stmt" count="3"/>
      <line num="183" type="stmt" count="2"/>
      <line num="184" type="stmt" count="1"/>
      <line num="186" type="stmt" count="1"/>
      <line num="190" type="stmt" count="2"/>
      <line num="192" type="stmt" count="2"/>
      <line num="193" type="stmt" count="2"/>
      <line num="194" type="stmt" count="1"/>
      <line num="197" type="stmt" count="2"/>
      <line num="201" type="method" name="get" visibility="public" complexity="2" crap="2" count="8"/>
      <line num="203" type="stmt" count="8"/>
      <line num="204" type="stmt" count="7"/>
      <line num="205" type="stmt" count="7"/>
      <line num="206" type="stmt" count="7"/>
      <line num="209" type="stmt" count="1"/>
      <line num="212" type="method" name="run" visibility="public" complexity="2" crap="2" count="2"/>
      <line num="214" type="stmt" count="2"/>
      <line num="215" type="stmt" count="1"/>
      <line num="218" type="stmt" count="2"/>
      <line num="221" type="method" name="purge" visibility="public" complexity="4" crap="4" count="30"/>
      <line num="223" type="stmt" count="30"/>
      <line num="224" type="stmt" count="1"/>
      <line num="227" type="stmt" count="30"/>
      <line num="228" type="stmt" count="1"/>
      <line num="231" type="stmt" count="30"/>
      <line num="233" type="stmt" count="30"/>
      <line num="234" type="stmt" count="30"/>
      <line num="235" type="stmt" count="4"/>
      <line num="238" type="stmt" count="30"/>
      <metrics loc="241" ncloc="236" classes="1" methods="17" coveredmethods="17" conditionals="0" coveredconditionals="0" statements="90" coveredstatements="90" elements="107" coveredelements="107"/>
    </file>
    <file name="/home/runner/work/commander/commander/src/helpers.php">
      <metrics loc="54" ncloc="52" classes="0" methods="0" coveredmethods="0" conditionals="0" coveredconditionals="0" statements="0" coveredstatements="0" elements="0" coveredelements="0"/>
    </file>
    <metrics files="9" loc="1101" ncloc="1066" classes="8" methods="82" coveredmethods="82" conditionals="0" coveredconditionals="0" statements="365" coveredstatements="365" elements="447" coveredelements="447"/>
  </project>
</coverage>
